[35m[1mScanning dependencies of target std_msgs_generate_messages_cpp[0m
[35m[1mScanning dependencies of target std_msgs_generate_messages_eus[0m
[35m[1mScanning dependencies of target geometry_msgs_generate_messages_nodejs[0m
[35m[1mScanning dependencies of target std_msgs_generate_messages_nodejs[0m
[35m[1mScanning dependencies of target _opti_msgs_generate_messages_check_deps_Odom[0m
[35m[1mScanning dependencies of target geometry_msgs_generate_messages_eus[0m
[35m[1mScanning dependencies of target geometry_msgs_generate_messages_py[0m
[35m[1mScanning dependencies of target std_msgs_generate_messages_py[0m
[35m[1mScanning dependencies of target geometry_msgs_generate_messages_cpp[0m
[35m[1mScanning dependencies of target geometry_msgs_generate_messages_lisp[0m
[35m[1mScanning dependencies of target std_msgs_generate_messages_lisp[0m
[  0%] Built target std_msgs_generate_messages_cpp
[  0%] Built target std_msgs_generate_messages_nodejs
[  0%] Built target geometry_msgs_generate_messages_cpp
[  0%] Built target geometry_msgs_generate_messages_py
[  0%] Built target std_msgs_generate_messages_lisp
[  0%] Built target geometry_msgs_generate_messages_nodejs
[  0%] Built target std_msgs_generate_messages_eus
[  0%] Built target std_msgs_generate_messages_py
[  0%] Built target geometry_msgs_generate_messages_lisp
[  0%] Built target geometry_msgs_generate_messages_eus
[  0%] Built target _opti_msgs_generate_messages_check_deps_Odom
[35m[1mScanning dependencies of target opti_msgs_generate_messages_nodejs[0m
[35m[1mScanning dependencies of target opti_msgs_generate_messages_cpp[0m
[35m[1mScanning dependencies of target opti_msgs_generate_messages_eus[0m
[35m[1mScanning dependencies of target opti_msgs_generate_messages_lisp[0m
[35m[1mScanning dependencies of target opti_msgs_generate_messages_py[0m
[ 57%] [34m[1mGenerating C++ code from opti_msgs/Odom.msg[0m
[ 57%] [34m[1mGenerating EusLisp manifest code for opti_msgs[0m
[ 57%] [34m[1mGenerating Lisp code from opti_msgs/Odom.msg[0m
[ 57%] [34m[1mGenerating Python from MSG opti_msgs/Odom[0m
[ 85%] [34m[1mGenerating EusLisp code from opti_msgs/Odom.msg[0m
[ 85%] [34m[1mGenerating Javascript code from opti_msgs/Odom.msg[0m
[ 85%] Built target opti_msgs_generate_messages_lisp
[ 85%] Built target opti_msgs_generate_messages_nodejs
[100%] [34m[1mGenerating Python msg __init__.py for opti_msgs[0m
[100%] Built target opti_msgs_generate_messages_cpp
[100%] Built target opti_msgs_generate_messages_py
[100%] Built target opti_msgs_generate_messages_eus
[35m[1mScanning dependencies of target opti_msgs_generate_messages[0m
[100%] Built target opti_msgs_generate_messages
